E, [2017-05-27T18:41:04.638178 #59929] ERROR -- Kitchen: ------Exception-------
E, [2017-05-27T18:41:04.638259 #59929] ERROR -- Kitchen: Class: Kitchen::UserError
E, [2017-05-27T18:41:04.638275 #59929] ERROR -- Kitchen: Message: Kitchen YAML file /Users/ncamara/code/learningchef/chef-repo/cookbooks/.kitchen.yml does not exist.
E, [2017-05-27T18:41:04.638286 #59929] ERROR -- Kitchen: ----------------------
E, [2017-05-27T18:41:04.638295 #59929] ERROR -- Kitchen: ------Backtrace-------
E, [2017-05-27T18:41:04.638303 #59929] ERROR -- Kitchen: /opt/chefdk/embedded/lib/ruby/gems/2.3.0/gems/test-kitchen-1.16.0/lib/kitchen/loader/yaml.rb:71:in `read'
E, [2017-05-27T18:41:04.638312 #59929] ERROR -- Kitchen: /opt/chefdk/embedded/lib/ruby/gems/2.3.0/gems/test-kitchen-1.16.0/lib/kitchen/config.rb:152:in `data'
E, [2017-05-27T18:41:04.638321 #59929] ERROR -- Kitchen: /opt/chefdk/embedded/lib/ruby/gems/2.3.0/gems/test-kitchen-1.16.0/lib/kitchen/config.rb:131:in `suites'
E, [2017-05-27T18:41:04.638329 #59929] ERROR -- Kitchen: /opt/chefdk/embedded/lib/ruby/gems/2.3.0/gems/test-kitchen-1.16.0/lib/kitchen/config.rb:182:in `filter_instances'
E, [2017-05-27T18:41:04.638338 #59929] ERROR -- Kitchen: /opt/chefdk/embedded/lib/ruby/gems/2.3.0/gems/test-kitchen-1.16.0/lib/kitchen/config.rb:141:in `build_instances'
E, [2017-05-27T18:41:04.638346 #59929] ERROR -- Kitchen: /opt/chefdk/embedded/lib/ruby/gems/2.3.0/gems/test-kitchen-1.16.0/lib/kitchen/config.rb:117:in `instances'
E, [2017-05-27T18:41:04.638355 #59929] ERROR -- Kitchen: /opt/chefdk/embedded/lib/ruby/gems/2.3.0/gems/test-kitchen-1.16.0/lib/kitchen/command.rb:112:in `filtered_instances'
E, [2017-05-27T18:41:04.638363 #59929] ERROR -- Kitchen: /opt/chefdk/embedded/lib/ruby/gems/2.3.0/gems/test-kitchen-1.16.0/lib/kitchen/command.rb:142:in `parse_subcommand'
E, [2017-05-27T18:41:04.638372 #59929] ERROR -- Kitchen: /opt/chefdk/embedded/lib/ruby/gems/2.3.0/gems/test-kitchen-1.16.0/lib/kitchen/command/login.rb:29:in `call'
E, [2017-05-27T18:41:04.638380 #59929] ERROR -- Kitchen: /opt/chefdk/embedded/lib/ruby/gems/2.3.0/gems/test-kitchen-1.16.0/lib/kitchen/cli.rb:53:in `perform'
E, [2017-05-27T18:41:04.638389 #59929] ERROR -- Kitchen: /opt/chefdk/embedded/lib/ruby/gems/2.3.0/gems/test-kitchen-1.16.0/lib/kitchen/cli.rb:241:in `login'
E, [2017-05-27T18:41:04.638397 #59929] ERROR -- Kitchen: /opt/chefdk/embedded/lib/ruby/gems/2.3.0/gems/thor-0.19.1/lib/thor/command.rb:27:in `run'
E, [2017-05-27T18:41:04.638406 #59929] ERROR -- Kitchen: /opt/chefdk/embedded/lib/ruby/gems/2.3.0/gems/thor-0.19.1/lib/thor/invocation.rb:126:in `invoke_command'
E, [2017-05-27T18:41:04.638414 #59929] ERROR -- Kitchen: /opt/chefdk/embedded/lib/ruby/gems/2.3.0/gems/test-kitchen-1.16.0/lib/kitchen/cli.rb:334:in `invoke_task'
E, [2017-05-27T18:41:04.638423 #59929] ERROR -- Kitchen: /opt/chefdk/embedded/lib/ruby/gems/2.3.0/gems/thor-0.19.1/lib/thor.rb:359:in `dispatch'
E, [2017-05-27T18:41:04.638453 #59929] ERROR -- Kitchen: /opt/chefdk/embedded/lib/ruby/gems/2.3.0/gems/thor-0.19.1/lib/thor/base.rb:440:in `start'
E, [2017-05-27T18:41:04.638462 #59929] ERROR -- Kitchen: /opt/chefdk/embedded/lib/ruby/gems/2.3.0/gems/test-kitchen-1.16.0/bin/kitchen:13:in `block in <top (required)>'
E, [2017-05-27T18:41:04.638470 #59929] ERROR -- Kitchen: /opt/chefdk/embedded/lib/ruby/gems/2.3.0/gems/test-kitchen-1.16.0/lib/kitchen/errors.rb:171:in `with_friendly_errors'
E, [2017-05-27T18:41:04.638479 #59929] ERROR -- Kitchen: /opt/chefdk/embedded/lib/ruby/gems/2.3.0/gems/test-kitchen-1.16.0/bin/kitchen:13:in `<top (required)>'
E, [2017-05-27T18:41:04.638496 #59929] ERROR -- Kitchen: /opt/chefdk/bin/kitchen:21:in `load'
E, [2017-05-27T18:41:04.638504 #59929] ERROR -- Kitchen: /opt/chefdk/bin/kitchen:21:in `<main>'
E, [2017-05-27T18:41:04.638512 #59929] ERROR -- Kitchen: ----End Backtrace-----
