Generated at 2019-07-05 15:53:16 +0000
Chef::Exceptions::ValidationFailed: Option content's value NOT VALID JSON check valid JSON!
/opt/chefdk/embedded/lib/ruby/gems/2.4.0/gems/chef-13.10.4/lib/chef/mixin/params_validate.rb:329:in `block in _pv_callbacks'
/opt/chefdk/embedded/lib/ruby/gems/2.4.0/gems/chef-13.10.4/lib/chef/mixin/params_validate.rb:327:in `each'
/opt/chefdk/embedded/lib/ruby/gems/2.4.0/gems/chef-13.10.4/lib/chef/mixin/params_validate.rb:327:in `_pv_callbacks'
/opt/chefdk/embedded/lib/ruby/gems/2.4.0/gems/chef-13.10.4/lib/chef/mixin/params_validate.rb:113:in `block (2 levels) in validate'
/opt/chefdk/embedded/lib/ruby/gems/2.4.0/gems/chef-13.10.4/lib/chef/mixin/params_validate.rb:110:in `each'
/opt/chefdk/embedded/lib/ruby/gems/2.4.0/gems/chef-13.10.4/lib/chef/mixin/params_validate.rb:110:in `block in validate'
/opt/chefdk/embedded/lib/ruby/gems/2.4.0/gems/chef-13.10.4/lib/chef/mixin/params_validate.rb:98:in `each'
/opt/chefdk/embedded/lib/ruby/gems/2.4.0/gems/chef-13.10.4/lib/chef/mixin/params_validate.rb:98:in `validate'
/opt/chefdk/embedded/lib/ruby/gems/2.4.0/gems/chef-13.10.4/lib/chef/property.rb:517:in `validate'
/opt/chefdk/embedded/lib/ruby/gems/2.4.0/gems/chef-13.10.4/lib/chef/property.rb:724:in `coerce_and_validate'
/opt/chefdk/embedded/lib/ruby/gems/2.4.0/gems/chef-13.10.4/lib/chef/property.rb:705:in `input_to_stored_value'
/opt/chefdk/embedded/lib/ruby/gems/2.4.0/gems/chef-13.10.4/lib/chef/property.rb:429:in `set'
/opt/chefdk/embedded/lib/ruby/gems/2.4.0/gems/chef-13.10.4/lib/chef/property.rb:326:in `call'
/opt/chefdk/embedded/lib/ruby/gems/2.4.0/gems/chef-13.10.4/lib/chef/property.rb:572:in `content'
/home/cloud_user/extchefrepo/.chef/local-mode-cache/cache/cookbooks/ext_exploring_resources/recipes/default.rb:19:in `block in from_file'
/opt/chefdk/embedded/lib/ruby/gems/2.4.0/gems/chef-13.10.4/lib/chef/resource_builder.rb:66:in `instance_eval'
/opt/chefdk/embedded/lib/ruby/gems/2.4.0/gems/chef-13.10.4/lib/chef/resource_builder.rb:66:in `build'
/opt/chefdk/embedded/lib/ruby/gems/2.4.0/gems/chef-13.10.4/lib/chef/dsl/declare_resource.rb:293:in `build_resource'
/opt/chefdk/embedded/lib/ruby/gems/2.4.0/gems/chef-13.10.4/lib/chef/dsl/declare_resource.rb:250:in `declare_resource'
/opt/chefdk/embedded/lib/ruby/gems/2.4.0/gems/chef-13.10.4/lib/chef/dsl/resources.rb:38:in `json_config'
/home/cloud_user/extchefrepo/.chef/local-mode-cache/cache/cookbooks/ext_exploring_resources/recipes/default.rb:18:in `from_file'
/opt/chefdk/embedded/lib/ruby/gems/2.4.0/gems/chef-13.10.4/lib/chef/mixin/from_file.rb:30:in `instance_eval'
/opt/chefdk/embedded/lib/ruby/gems/2.4.0/gems/chef-13.10.4/lib/chef/mixin/from_file.rb:30:in `from_file'
/opt/chefdk/embedded/lib/ruby/gems/2.4.0/gems/chef-13.10.4/lib/chef/cookbook_version.rb:205:in `load_recipe'
/opt/chefdk/embedded/lib/ruby/gems/2.4.0/gems/chef-13.10.4/lib/chef/run_context.rb:342:in `load_recipe'
/opt/chefdk/embedded/lib/ruby/gems/2.4.0/gems/chef-13.10.4/lib/chef/run_context/cookbook_compiler.rb:163:in `block in compile_recipes'
/opt/chefdk/embedded/lib/ruby/gems/2.4.0/gems/chef-13.10.4/lib/chef/run_context/cookbook_compiler.rb:160:in `each'
/opt/chefdk/embedded/lib/ruby/gems/2.4.0/gems/chef-13.10.4/lib/chef/run_context/cookbook_compiler.rb:160:in `compile_recipes'
/opt/chefdk/embedded/lib/ruby/gems/2.4.0/gems/chef-13.10.4/lib/chef/run_context/cookbook_compiler.rb:77:in `compile'
/opt/chefdk/embedded/lib/ruby/gems/2.4.0/gems/chef-13.10.4/lib/chef/run_context.rb:191:in `load'
/opt/chefdk/embedded/lib/ruby/gems/2.4.0/gems/chef-13.10.4/lib/chef/policy_builder/expand_node_object.rb:97:in `setup_run_context'
/opt/chefdk/embedded/lib/ruby/gems/2.4.0/gems/chef-13.10.4/lib/chef/client.rb:513:in `setup_run_context'
/opt/chefdk/embedded/lib/ruby/gems/2.4.0/gems/chef-13.10.4/lib/chef/client.rb:281:in `run'
/opt/chefdk/embedded/lib/ruby/gems/2.4.0/gems/chef-13.10.4/lib/chef/application.rb:292:in `block in fork_chef_client'
/opt/chefdk/embedded/lib/ruby/gems/2.4.0/gems/chef-13.10.4/lib/chef/application.rb:280:in `fork'
/opt/chefdk/embedded/lib/ruby/gems/2.4.0/gems/chef-13.10.4/lib/chef/application.rb:280:in `fork_chef_client'
/opt/chefdk/embedded/lib/ruby/gems/2.4.0/gems/chef-13.10.4/lib/chef/application.rb:245:in `block in run_chef_client'
/opt/chefdk/embedded/lib/ruby/gems/2.4.0/gems/chef-13.10.4/lib/chef/local_mode.rb:44:in `with_server_connectivity'
/opt/chefdk/embedded/lib/ruby/gems/2.4.0/gems/chef-13.10.4/lib/chef/application.rb:233:in `run_chef_client'
/opt/chefdk/embedded/lib/ruby/gems/2.4.0/gems/chef-13.10.4/lib/chef/application/client.rb:470:in `sleep_then_run_chef_client'
/opt/chefdk/embedded/lib/ruby/gems/2.4.0/gems/chef-13.10.4/lib/chef/application/client.rb:459:in `block in interval_run_chef_client'
/opt/chefdk/embedded/lib/ruby/gems/2.4.0/gems/chef-13.10.4/lib/chef/application/client.rb:458:in `loop'
/opt/chefdk/embedded/lib/ruby/gems/2.4.0/gems/chef-13.10.4/lib/chef/application/client.rb:458:in `interval_run_chef_client'
/opt/chefdk/embedded/lib/ruby/gems/2.4.0/gems/chef-13.10.4/lib/chef/application/client.rb:442:in `run_application'
/opt/chefdk/embedded/lib/ruby/gems/2.4.0/gems/chef-13.10.4/lib/chef/application.rb:59:in `run'
/opt/chefdk/embedded/lib/ruby/gems/2.4.0/gems/chef-13.10.4/bin/chef-client:26:in `<top (required)>'
/opt/chefdk/bin/chef-client:267:in `load'
/opt/chefdk/bin/chef-client:267:in `<main>'